<?xml version="1.0" encoding="UTF-8"?>
<testsuite xmlns:xsi="http://www.w3.org/2001/XMLSchema-instance" xsi:noNamespaceSchemaLocation="https://maven.apache.org/surefire/maven-surefire-plugin/xsd/surefire-test-report.xsd" name="com.example.PlannerInterfaceTest" time="0.062" tests="12" errors="0" skipped="0" failures="0">
  <properties>
[...]
</properties>
  <testcase name="testPrintPersonSchedule_validPerson" classname="com.example.PlannerInterfaceTest" time="0.029"/>
  <testcase name="testSetVacation_invalidData" classname="com.example.PlannerInterfaceTest" time="0.001"/>
  <testcase name="testScheduleMeeting_success" classname="com.example.PlannerInterfaceTest" time="0.009"/>
  <testcase name="testScheduleMeeting_duplicateMeeting" classname="com.example.PlannerInterfaceTest" time="0.002"/>
  <testcase name="testScheduleMeeting_nullFields" classname="com.example.PlannerInterfaceTest" time="0.001"/>
  <testcase name="testScheduleMeeting_invalidDate" classname="com.example.PlannerInterfaceTest" time="0"/>
  <testcase name="testSetVacation_validData" classname="com.example.PlannerInterfaceTest" time="0"/>
  <testcase name="testPrintPersonSchedule_emptyPerson" classname="com.example.PlannerInterfaceTest" time="0.001"/>
  <testcase name="testRoomAvailable_whenEmpty_shouldReturnTrue" classname="com.example.PlannerInterfaceTest" time="0.001"/>
  <testcase name="testPrintRoomSchedule_emptyRoom" classname="com.example.PlannerInterfaceTest" time="0"/>
  <testcase name="testPersonAvailable_whenNoMeeting_shouldReturnTrue" classname="com.example.PlannerInterfaceTest" time="0"/>
  <testcase name="testPrintRoomSchedule_validRoom" classname="com.example.PlannerInterfaceTest" time="0"/>
</testsuite>